 (NOBRIDGE) ERROR  Warning: React.jsx: type is invalid -- expected a string (for built-in components) or a class/function (for composite components) but got: number.

Check your code at home.tsx:61.
    in HomeScreen
    in Unknown (created by Route(home))
    in Suspense (created by Route(home))
    in Route (created by Route(home))
    in Route(home) (created by SceneView)
    in StaticContainer
    in EnsureSingleNavigator (created by SceneView)
    in SceneView (created by NativeStackNavigator)
    in RNSScreenContentWrapper (created by ScreenContentWrapper)
    in ScreenContentWrapper (created by DebugContainer)
    in DebugContainer
    in RNSScreen (created by Animated(Anonymous))
    in Animated(Anonymous)
    in Suspender (created by Freeze)
    in Suspense (created by Freeze)
    in Freeze (created by DelayedFreeze)
    in DelayedFreeze
    in InnerScreen (created by Screen)
    in Screen
    in ScreenStackItem (created by SceneView)
    in SceneView (created by NativeStackView)
    in RNSScreenStack (created by ScreenStack)
    in Unknown (created by ScreenStack)
    in ScreenStack (created by NativeStackView)
    in RCTView (created by View)
    in View (created by SafeAreaProviderCompat)
    in SafeAreaProviderCompat (created by NativeStackView)
    in NativeStackView (created by NativeStackNavigator)
    in PreventRemoveProvider (created by NavigationContent)
    in NavigationContent
    in Unknown (created by NativeStackNavigator)
    in NativeStackNavigator
    in Unknown (created by RootLayout)
    in RCTView (created by View)
    in View (created by GestureHandlerRootView)
    in GestureHandlerRootView (created by RootLayout)
    in RootLayout
    in Unknown (created by Route())
    in Suspense (created by Route())
    in Route (created by Route())
    in Route() (created by ContextNavigator)
    in RNCSafeAreaProvider (created by SafeAreaProvider)
    in SafeAreaProvider (created by wrapper)
    in wrapper (created by ContextNavigator)
    in ThemeProvider
    in EnsureSingleNavigator
    in BaseNavigationContainer
    in NavigationContainerInner (created by ContextNavigator)
    in ContextNavigator (created by ExpoRoot)
    in ExpoRoot (created by App)
    in App (created by ErrorOverlay)
    in ErrorToastContainer (created by ErrorOverlay)
    in ErrorOverlay (created by withDevTools(ErrorOverlay))
    in withDevTools(ErrorOverlay)
    in RCTView (created by View)
    in View (created by AppContainer)
    in RCTView (created by View)
    in View (created by AppContainer)
    in AppContainer
    in main(RootComponent)
 (NOBRIDGE) ERROR  Warning: React.jsx: type is invalid -- expected a string (for built-in components) or a class/function (for composite components) but got: number.

Check your code at home.tsx:61.
    in HomeScreen
    in Unknown (created by Route(home))
    in Suspense (created by Route(home))
    in Route (created by Route(home))
    in Route(home) (created by SceneView)
    in StaticContainer
    in EnsureSingleNavigator (created by SceneView)
    in SceneView (created by NativeStackNavigator)
    in RNSScreenContentWrapper (created by ScreenContentWrapper)
    in ScreenContentWrapper (created by DebugContainer)
    in DebugContainer
    in RNSScreen (created by Animated(Anonymous))
    in Animated(Anonymous)
    in Suspender (created by Freeze)
    in Suspense (created by Freeze)
    in Freeze (created by DelayedFreeze)
    in DelayedFreeze
    in InnerScreen (created by Screen)
    in Screen
    in ScreenStackItem (created by SceneView)
    in SceneView (created by NativeStackView)
    in RNSScreenStack (created by ScreenStack)
    in Unknown (created by ScreenStack)
    in ScreenStack (created by NativeStackView)
    in RCTView (created by View)
    in View (created by SafeAreaProviderCompat)
    in SafeAreaProviderCompat (created by NativeStackView)
    in NativeStackView (created by NativeStackNavigator)
    in PreventRemoveProvider (created by NavigationContent)
    in NavigationContent
    in Unknown (created by NativeStackNavigator)
    in NativeStackNavigator
    in Unknown (created by RootLayout)
    in RCTView (created by View)
    in View (created by GestureHandlerRootView)
    in GestureHandlerRootView (created by RootLayout)
    in RootLayout
    in Unknown (created by Route())
    in Suspense (created by Route())
    in Route (created by Route())
    in Route() (created by ContextNavigator)
    in RNCSafeAreaProvider (created by SafeAreaProvider)
    in SafeAreaProvider (created by wrapper)
    in wrapper (created by ContextNavigator)
    in ThemeProvider
    in EnsureSingleNavigator
    in BaseNavigationContainer
    in NavigationContainerInner (created by ContextNavigator)
    in ContextNavigator (created by ExpoRoot)
    in ExpoRoot (created by App)
    in App (created by ErrorOverlay)
    in ErrorToastContainer (created by ErrorOverlay)
    in ErrorOverlay (created by withDevTools(ErrorOverlay))
    in withDevTools(ErrorOverlay)
    in RCTView (created by View)
    in View (created by AppContainer)
    in RCTView (created by View)
    in View (created by AppContainer)
    in AppContainer
    in main(RootComponent)
 (NOBRIDGE) ERROR  Warning: Error: Element type is invalid: expected a string (for built-in components) or a class/function (for composite components) but got: number.

Check the render method of `HomeScreen`.

This error is located at:
    in RCTView (created by View)
    in View (created by PanGestureHandler)
    in PanGestureHandler (created by HomeScreen)
    in HomeScreen
    in Unknown (created by Route(home))
    in Suspense (created by Route(home))
    in Route (created by Route(home))
    in Route(home) (created by SceneView)
    in StaticContainer
    in EnsureSingleNavigator (created by SceneView)
    in SceneView (created by NativeStackNavigator)
    in RNSScreenContentWrapper (created by ScreenContentWrapper)
    in ScreenContentWrapper (created by DebugContainer)
    in DebugContainer
    in RNSScreen (created by Animated(Anonymous))
    in Animated(Anonymous)
    in Suspender (created by Freeze)
    in Suspense (created by Freeze)
    in Freeze (created by DelayedFreeze)
    in DelayedFreeze
    in InnerScreen (created by Screen)
    in Screen
    in ScreenStackItem (created by SceneView)
    in SceneView (created by NativeStackView)
    in RNSScreenStack (created by ScreenStack)
    in Unknown (created by ScreenStack)
    in ScreenStack (created by NativeStackView)
    in RCTView (created by View)
    in View (created by SafeAreaProviderCompat)
    in SafeAreaProviderCompat (created by NativeStackView)
    in NativeStackView (created by NativeStackNavigator)
    in PreventRemoveProvider (created by NavigationContent)
    in NavigationContent
    in Unknown (created by NativeStackNavigator)
    in NativeStackNavigator
    in Unknown (created by RootLayout)
    in RCTView (created by View)
    in View (created by GestureHandlerRootView)
    in GestureHandlerRootView (created by RootLayout)
    in RootLayout
    in Unknown (created by Route())
    in Suspense (created by Route())
    in Route (created by Route())
    in Route() (created by ContextNavigator)
    in RNCSafeAreaProvider (created by SafeAreaProvider)
    in SafeAreaProvider (created by wrapper)
    in wrapper (created by ContextNavigator)
    in ThemeProvider
    in EnsureSingleNavigator
    in BaseNavigationContainer
    in NavigationContainerInner (created by ContextNavigator)
    in ContextNavigator (created by ExpoRoot)
    in ExpoRoot (created by App)
    in App (created by ErrorOverlay)
    in ErrorToastContainer (created by ErrorOverlay)
    in ErrorOverlay (created by withDevTools(ErrorOverlay))
    in withDevTools(ErrorOverlay)
    in RCTView (created by View)
    in View (created by AppContainer)
    in RCTView (created by View)
    in View (created by AppContainer)
    in AppContainer
    in main(RootComponent)
 (NOBRIDGE) ERROR  Warning: Error: Element type is invalid: expected a string (for built-in components) or a class/function (for composite components) but got: number.

Check the render method of `HomeScreen`.

This error is located at:
    in RCTView (created by View)
    in View (created by PanGestureHandler)
    in PanGestureHandler (created by HomeScreen)
    in HomeScreen
    in Unknown (created by Route(home))
    in Suspense (created by Route(home))
    in Route (created by Route(home))
    in Route(home) (created by SceneView)
    in StaticContainer
    in EnsureSingleNavigator (created by SceneView)
    in SceneView (created by NativeStackNavigator)
    in RNSScreenContentWrapper (created by ScreenContentWrapper)
    in ScreenContentWrapper (created by DebugContainer)
    in DebugContainer
    in RNSScreen (created by Animated(Anonymous))
    in Animated(Anonymous)
    in Suspender (created by Freeze)
    in Suspense (created by Freeze)
    in Freeze (created by DelayedFreeze)
    in DelayedFreeze
    in InnerScreen (created by Screen)
    in Screen
    in ScreenStackItem (created by SceneView)
    in SceneView (created by NativeStackView)
    in RNSScreenStack (created by ScreenStack)
    in Unknown (created by ScreenStack)
    in ScreenStack (created by NativeStackView)
    in RCTView (created by View)
    in View (created by SafeAreaProviderCompat)
    in SafeAreaProviderCompat (created by NativeStackView)
    in NativeStackView (created by NativeStackNavigator)
    in PreventRemoveProvider (created by NavigationContent)
    in NavigationContent
    in Unknown (created by NativeStackNavigator)
    in NativeStackNavigator
    in Unknown (created by RootLayout)
    in RCTView (created by View)
    in View (created by GestureHandlerRootView)
    in GestureHandlerRootView (created by RootLayout)
    in RootLayout
    in Unknown (created by Route())
    in Suspense (created by Route())
    in Route (created by Route())
    in Route() (created by ContextNavigator)
    in RNCSafeAreaProvider (created by SafeAreaProvider)
    in SafeAreaProvider (created by wrapper)
    in wrapper (created by ContextNavigator)
    in ThemeProvider
    in EnsureSingleNavigator
    in BaseNavigationContainer
    in NavigationContainerInner (created by ContextNavigator)
    in ContextNavigator (created by ExpoRoot)
    in ExpoRoot (created by App)
    in App (created by ErrorOverlay)
    in ErrorToastContainer (created by ErrorOverlay)
    in ErrorOverlay (created by withDevTools(ErrorOverlay))
    in withDevTools(ErrorOverlay)
    in RCTView (created by View)
    in View (created by AppContainer)
    in RCTView (created by View)
    in View (created by AppContainer)
    in AppContainer
    in main(RootComponent)